SF:./lib/ruby_identicon.rb
DA:28,1
DA:29,1
DA:30,1
DA:31,1
DA:48,1
DA:61,1
DA:78,1
DA:79,3
DA:81,2
DA:82,1
DA:84,2
DA:96,1
DA:97,23
DA:99,23
DA:100,21
DA:101,20
DA:102,18
DA:103,17
DA:105,16
DA:107,16
DA:108,16
DA:111,16
DA:114,16
DA:116,16
DA:117,16
DA:118,435
DA:119,235
DA:120,235
DA:123,235
DA:126,235
DA:127,235
DA:130,435
DA:131,435
DA:132,435
DA:133,63
DA:134,63
DA:138,16
DA:141,1
DA:142,1
end_of_record
SF:./lib/siphash.rb
DA:24,1
DA:25,1
DA:26,16
DA:27,16
DA:28,16
DA:30,16
DA:31,17
DA:32,17
DA:35,16
DA:37,16
DA:38,16
DA:39,16
DA:42,1
DA:44,1
DA:45,16
DA:47,16
DA:48,16
DA:50,16
DA:51,16
DA:52,16
DA:53,16
DA:54,16
DA:55,16
DA:56,16
DA:57,16
DA:60,1
DA:61,1
DA:62,1
DA:63,16
DA:64,16
DA:65,16
DA:66,16
DA:68,16
DA:69,16
DA:71,16
DA:72,16
DA:73,16
DA:74,16
DA:77,1
DA:78,33
DA:79,99
DA:80,33
DA:83,1
DA:84,780
DA:87,1
DA:88,130
DA:89,130
DA:90,130
DA:91,130
DA:92,130
DA:93,130
DA:94,130
DA:95,130
DA:96,130
DA:97,130
DA:98,130
DA:99,130
DA:100,130
DA:101,130
DA:104,1
DA:105,16
DA:106,80
DA:109,1
DA:110,16
end_of_record
